2025-03-29 02:27:46 Loading main app package /nix/store/kfr7qq9qfn5q6a6q2fv0m1g95c67fc67-obsidian-1.7.6/share/obsidian/obsidian.asar
2025-03-29 02:27:46 Checking for update using Github
2025-03-29 02:27:47 Success.
2025-03-29 02:27:47 Latest version is 1.8.9
2025-03-29 02:27:47 Downloading update from https://github.com/obsidianmd/obsidian-releases/releases/download/v1.8.9/obsidian-1.8.9.asar.gz
2025-03-29 02:27:56 Verifying hash & signature. Size= 8125625
2025-03-29 02:27:57 Saving file
2025-03-29 02:30:40 Loading main app package /nix/store/kfr7qq9qfn5q6a6q2fv0m1g95c67fc67-obsidian-1.7.6/share/obsidian/obsidian.asar
2025-03-29 02:30:40 Checking for update using Github
2025-03-29 02:30:40 Success.
2025-03-29 02:30:40 Latest version is 1.8.9
2025-03-29 02:30:40 Downloading update from https://github.com/obsidianmd/obsidian-releases/releases/download/v1.8.9/obsidian-1.8.9.asar.gz
2025-03-29 02:30:59 Verifying hash & signature. Size= 8125625
2025-03-29 02:30:59 Saving file
2025-03-29 02:31:00 Update complete.
2025-03-29 02:31:36 Loading updated app package /home/emerald/.config/obsidian/obsidian-1.8.9.asar
2025-03-29 02:31:36 Checking for update using Github
2025-03-29 02:31:54 Loading updated app package /home/emerald/.config/obsidian/obsidian-1.8.9.asar
2025-03-29 02:31:54 Checking for update using Github
2025-03-29 02:31:54 Success.
2025-03-29 02:31:54 Latest version is 1.8.9
2025-03-29 02:31:54 App is up to date.
2025-04-15 16:39:37 Loading updated app package /home/emerald/.config/obsidian/obsidian-1.8.9.asar
2025-04-15 16:39:37 Checking for update using Github
2025-04-15 16:39:37 Failed to check for update using Github (net::ERR_INTERNET_DISCONNECTED)
2025-04-15 16:39:37 Checking for update using obsidian.md
2025-04-15 16:39:37 Failed to check for update using obsidian.md (net::ERR_INTERNET_DISCONNECTED)
2025-04-15 16:56:48 Loading updated app package /home/emerald/.config/obsidian/obsidian-1.8.9.asar
2025-04-15 16:56:49 Checking for update using Github
2025-04-15 16:56:50 Success.
2025-04-15 16:56:50 Latest version is 1.8.9
2025-04-15 16:56:50 App is up to date.
2025-04-15 17:56:47 Checking for update using Github
2025-04-15 17:56:48 Success.
2025-04-15 17:56:48 Latest version is 1.8.9
2025-04-15 17:56:48 App is up to date.
2025-04-15 18:56:47 Checking for update using Github
2025-04-15 18:56:48 Success.
2025-04-15 18:56:48 Latest version is 1.8.9
2025-04-15 18:56:48 App is up to date.
2025-04-15 21:08:37 Checking for update using Github
2025-04-15 21:08:37 Failed to check for update using Github (net::ERR_INTERNET_DISCONNECTED)
2025-04-15 21:08:37 Checking for update using obsidian.md
2025-04-15 21:08:37 Failed to check for update using obsidian.md (net::ERR_INTERNET_DISCONNECTED)
2025-04-16 16:22:27 Loading updated app package /home/emerald/.config/obsidian/obsidian-1.8.9.asar
2025-04-16 16:22:27 Checking for update using Github
2025-04-16 17:18:06 Checking for update using Github
2025-04-16 17:18:07 Success.
2025-04-16 17:18:07 Latest version is 1.8.9
2025-04-16 17:18:07 App is up to date.
2025-04-16 20:43:24 Checking for update using Github
2025-04-16 20:43:24 Failed to check for update using Github (net::ERR_INTERNET_DISCONNECTED)
2025-04-16 20:43:24 Checking for update using obsidian.md
2025-04-16 20:43:24 Failed to check for update using obsidian.md (net::ERR_INTERNET_DISCONNECTED)
2025-04-17 16:27:29 Checking for update using Github
2025-04-17 16:27:29 Failed to check for update using Github (net::ERR_INTERNET_DISCONNECTED)
2025-04-17 16:27:29 Checking for update using obsidian.md
2025-04-17 16:27:29 Failed to check for update using obsidian.md (net::ERR_INTERNET_DISCONNECTED)
2025-04-17 18:13:42 Checking for update using Github
2025-04-17 18:13:43 Success.
2025-04-17 18:13:43 Latest version is 1.8.9
2025-04-17 18:13:43 App is up to date.
2025-04-17 19:13:42 Checking for update using Github
2025-04-17 19:13:43 Success.
2025-04-17 19:13:43 Latest version is 1.8.9
2025-04-17 19:13:43 App is up to date.
2025-04-17 20:23:32 Checking for update using Github
2025-04-17 20:23:32 Failed to check for update using Github (net::ERR_INTERNET_DISCONNECTED)
2025-04-17 20:23:32 Checking for update using obsidian.md
2025-04-17 20:23:32 Failed to check for update using obsidian.md (net::ERR_INTERNET_DISCONNECTED)
2025-04-22 17:58:26 Checking for update using Github
2025-04-22 17:58:26 Failed to check for update using Github (net::ERR_INTERNET_DISCONNECTED)
2025-04-22 17:58:26 Checking for update using obsidian.md
2025-04-22 17:58:26 Failed to check for update using obsidian.md (net::ERR_INTERNET_DISCONNECTED)
2025-05-26 19:47:12 Loading updated app package /home/emerald/.config/obsidian/obsidian-1.8.9.asar
2025-05-26 19:47:13 Checking for update using Github
2025-05-26 19:47:14 Success.
2025-05-26 19:47:14 Latest version is 1.8.10
2025-05-26 19:47:14 Downloading update from https://github.com/obsidianmd/obsidian-releases/releases/download/v1.8.10/obsidian-1.8.10.asar.gz
2025-05-26 19:47:20 Verifying hash & signature. Size= 8128788
2025-05-26 19:47:21 Saving file
2025-05-26 19:47:21 Update complete.
2025-05-27 12:19:59 Checking for update using Github
2025-05-27 12:19:59 Failed to check for update using Github (net::ERR_INTERNET_DISCONNECTED)
2025-05-27 12:19:59 Checking for update using obsidian.md
2025-05-27 12:19:59 Failed to check for update using obsidian.md (net::ERR_INTERNET_DISCONNECTED)
2025-05-27 13:19:59 Checking for update using Github
2025-05-27 13:19:59 Success.
2025-05-27 13:19:59 Latest version is 1.8.10
2025-05-27 13:19:59 An update is already downloaded.
2025-05-27 14:20:00 Checking for update using Github
2025-05-27 14:20:00 Success.
2025-05-27 14:20:00 Latest version is 1.8.10
2025-05-27 14:20:00 An update is already downloaded.
2025-05-27 15:20:00 Checking for update using Github
2025-05-27 15:20:00 Success.
2025-05-27 15:20:00 Latest version is 1.8.10
2025-05-27 15:20:00 An update is already downloaded.
2025-05-27 16:48:27 Checking for update using Github
2025-05-27 16:48:28 Success.
2025-05-27 16:48:28 Latest version is 1.8.10
2025-05-27 16:48:28 An update is already downloaded.
2025-05-27 17:48:27 Checking for update using Github
2025-05-27 17:48:28 Success.
2025-05-27 17:48:28 Latest version is 1.8.10
2025-05-27 17:48:28 An update is already downloaded.
2025-05-27 18:48:27 Checking for update using Github
2025-05-27 18:48:28 Success.
2025-05-27 18:48:28 Latest version is 1.8.10
2025-05-27 18:48:28 An update is already downloaded.
2025-05-27 20:16:24 Checking for update using Github
2025-05-27 20:16:25 Success.
2025-05-27 20:16:25 Latest version is 1.8.10
2025-05-27 20:16:25 An update is already downloaded.
2025-05-28 12:30:37 Checking for update using Github
2025-05-28 12:30:37 Failed to check for update using Github (net::ERR_INTERNET_DISCONNECTED)
2025-05-28 12:30:37 Checking for update using obsidian.md
2025-05-28 12:30:37 Failed to check for update using obsidian.md (net::ERR_INTERNET_DISCONNECTED)
2025-05-28 15:26:57 Checking for update using Github
2025-05-28 15:26:58 Success.
2025-05-28 15:26:58 Latest version is 1.8.10
2025-05-28 15:26:58 An update is already downloaded.
2025-05-28 19:46:29 Checking for update using Github
2025-05-28 19:46:30 Success.
2025-05-28 19:46:30 Latest version is 1.8.10
2025-05-28 19:46:30 An update is already downloaded.
2025-05-28 23:10:32 Checking for update using Github
2025-05-28 23:10:32 Success.
2025-05-28 23:10:32 Latest version is 1.8.10
2025-05-28 23:10:32 An update is already downloaded.
2025-05-29 00:10:32 Checking for update using Github
2025-05-29 00:10:32 Success.
2025-05-29 00:10:32 Latest version is 1.8.10
2025-05-29 00:10:32 An update is already downloaded.
2025-05-29 18:08:07 Checking for update using Github
2025-05-29 18:08:07 Success.
2025-05-29 18:08:07 Latest version is 1.8.10
2025-05-29 18:08:07 An update is already downloaded.
2025-05-29 20:03:50 Checking for update using Github
2025-05-29 20:03:51 Success.
2025-05-29 20:03:51 Latest version is 1.8.10
2025-05-29 20:03:51 An update is already downloaded.
2025-06-02 02:34:43 Checking for update using Github
2025-06-02 02:34:44 Success.
2025-06-02 02:34:44 Latest version is 1.8.10
2025-06-02 02:34:44 An update is already downloaded.
2025-06-02 03:34:43 Checking for update using Github
2025-06-02 03:34:44 Success.
2025-06-02 03:34:44 Latest version is 1.8.10
2025-06-02 03:34:44 An update is already downloaded.
2025-06-03 18:19:20 Checking for update using Github
2025-06-03 18:19:20 Failed to check for update using Github (net::ERR_INTERNET_DISCONNECTED)
2025-06-03 18:19:20 Checking for update using obsidian.md
2025-06-03 18:19:20 Failed to check for update using obsidian.md (net::ERR_INTERNET_DISCONNECTED)
2025-06-03 19:19:20 Checking for update using Github
2025-06-03 19:19:20 Failed to check for update using Github (net::ERR_INTERNET_DISCONNECTED)
2025-06-03 19:19:20 Checking for update using obsidian.md
2025-06-03 19:19:20 Failed to check for update using obsidian.md (net::ERR_INTERNET_DISCONNECTED)
2025-06-03 20:26:02 Checking for update using Github
2025-06-03 20:26:03 Success.
2025-06-03 20:26:03 Latest version is 1.8.10
2025-06-03 20:26:03 An update is already downloaded.
2025-06-05 16:52:46 Loading updated app package /home/emerald/.config/obsidian/obsidian-1.8.10.asar
2025-06-05 16:52:47 Checking for update using Github
2025-06-05 16:52:47 Failed to check for update using Github (net::ERR_INTERNET_DISCONNECTED)
2025-06-05 16:52:47 Checking for update using obsidian.md
2025-06-05 16:52:47 Failed to check for update using obsidian.md (net::ERR_INTERNET_DISCONNECTED)
2025-06-05 17:52:46 Checking for update using Github
2025-06-05 17:52:46 Failed to check for update using Github (net::ERR_INTERNET_DISCONNECTED)
2025-06-05 17:52:46 Checking for update using obsidian.md
2025-06-05 17:52:46 Failed to check for update using obsidian.md (net::ERR_INTERNET_DISCONNECTED)
2025-06-11 19:23:52 Checking for update using Github
2025-06-11 19:23:57 Success.
2025-06-11 19:23:57 Latest version is 1.8.10
2025-06-11 19:23:57 App is up to date.
2025-06-11 20:23:53 Checking for update using Github
2025-06-11 20:23:53 Success.
2025-06-11 20:23:53 Latest version is 1.8.10
2025-06-11 20:23:53 App is up to date.
2025-06-11 22:33:06 Checking for update using Github
2025-06-11 22:33:09 Success.
2025-06-11 22:33:09 Latest version is 1.8.10
2025-06-11 22:33:09 App is up to date.
2025-07-05 14:59:00 Loading main app package /nix/store/5n5iradcp76kk7sqw97x9laaybvbhasr-obsidian-1.8.10/share/obsidian/obsidian.asar
2025-07-05 14:59:00 Checking for update using Github
2025-07-05 14:59:00 Failed to check for update using Github (net::ERR_INTERNET_DISCONNECTED)
2025-07-05 14:59:00 Checking for update using obsidian.md
2025-07-05 14:59:00 Failed to check for update using obsidian.md (net::ERR_INTERNET_DISCONNECTED)
2025-07-05 15:59:00 Checking for update using Github
2025-07-05 15:59:00 Success.
2025-07-05 15:59:00 Latest version is 1.8.10
2025-07-05 15:59:00 App is up to date.
2025-07-05 19:40:46 Checking for update using Github
2025-07-05 19:40:46 Success.
2025-07-05 19:40:46 Latest version is 1.8.10
2025-07-05 19:40:46 App is up to date.
2025-07-05 22:01:45 Checking for update using Github
2025-07-05 22:01:46 Success.
2025-07-05 22:01:46 Latest version is 1.8.10
2025-07-05 22:01:46 App is up to date.
2025-07-08 12:22:16 Checking for update using Github
2025-07-08 12:22:16 Success.
2025-07-08 12:22:16 Latest version is 1.8.10
2025-07-08 12:22:16 App is up to date.
2025-07-08 13:22:16 Checking for update using Github
2025-07-08 13:22:16 Success.
2025-07-08 13:22:16 Latest version is 1.8.10
2025-07-08 13:22:16 App is up to date.
2025-07-12 19:02:20 Checking for update using Github
2025-07-12 19:02:20 Success.
2025-07-12 19:02:20 Latest version is 1.8.10
2025-07-12 19:02:20 App is up to date.
2025-07-12 20:22:23 Checking for update using Github
2025-07-12 20:22:23 Success.
2025-07-12 20:22:23 Latest version is 1.8.10
2025-07-12 20:22:23 App is up to date.
2025-07-13 03:25:52 Checking for update using Github
2025-07-13 03:25:53 Success.
2025-07-13 03:25:53 Latest version is 1.8.10
2025-07-13 03:25:53 App is up to date.
2025-07-13 04:25:52 Checking for update using Github
2025-07-13 04:25:53 Success.
2025-07-13 04:25:53 Latest version is 1.8.10
2025-07-13 04:25:53 App is up to date.
2025-07-13 07:12:41 Loading main app package /nix/store/5n5iradcp76kk7sqw97x9laaybvbhasr-obsidian-1.8.10/share/obsidian/obsidian.asar
2025-07-13 07:12:41 Checking for update using Github
2025-07-13 07:12:56 Loading main app package /nix/store/5n5iradcp76kk7sqw97x9laaybvbhasr-obsidian-1.8.10/share/obsidian/obsidian.asar
2025-07-13 07:12:56 Checking for update using Github
2025-07-13 07:13:17 Loading main app package /nix/store/5n5iradcp76kk7sqw97x9laaybvbhasr-obsidian-1.8.10/share/obsidian/obsidian.asar
2025-07-13 07:13:17 Checking for update using Github
2025-07-13 07:35:23 Checking for update using Github
2025-07-13 07:35:24 Success.
2025-07-13 07:35:24 Latest version is 1.8.10
2025-07-13 07:35:24 App is up to date.
2025-07-13 20:41:50 Checking for update using Github
2025-07-13 20:41:50 Success.
2025-07-13 20:41:50 Latest version is 1.8.10
2025-07-13 20:41:50 App is up to date.
2025-07-15 02:17:22 Checking for update using Github
2025-07-15 02:17:22 Success.
2025-07-15 02:17:22 Latest version is 1.8.10
2025-07-15 02:17:22 App is up to date.
2025-07-15 04:01:49 Checking for update using Github
2025-07-15 04:01:49 Success.
2025-07-15 04:01:49 Latest version is 1.8.10
2025-07-15 04:01:49 App is up to date.
2025-07-15 16:47:42 Checking for update using Github
2025-07-15 16:47:47 Success.
2025-07-15 16:47:47 Latest version is 1.8.10
2025-07-15 16:47:47 App is up to date.
2025-07-15 18:12:15 Loading main app package /nix/store/5n5iradcp76kk7sqw97x9laaybvbhasr-obsidian-1.8.10/share/obsidian/obsidian.asar
2025-07-15 18:12:15 Checking for update using Github
2025-07-15 18:12:16 Success.
2025-07-15 18:12:16 Latest version is 1.8.10
2025-07-15 18:12:16 App is up to date.
2025-07-15 19:23:20 Checking for update using Github
2025-07-15 19:23:20 Success.
2025-07-15 19:23:20 Latest version is 1.8.10
2025-07-15 19:23:20 App is up to date.
2025-07-16 13:08:02 Checking for update using Github
2025-07-16 13:08:02 Success.
2025-07-16 13:08:02 Latest version is 1.8.10
2025-07-16 13:08:02 App is up to date.
2025-07-16 14:08:02 Checking for update using Github
2025-07-16 14:08:02 Success.
2025-07-16 14:08:02 Latest version is 1.8.10
2025-07-16 14:08:02 App is up to date.
2025-07-16 15:25:15 Checking for update using Github
2025-07-16 15:25:15 Success.
2025-07-16 15:25:15 Latest version is 1.8.10
2025-07-16 15:25:15 App is up to date.
